<?xml version="1.0" encoding="UTF-8"?>
<!-- Generated by org.testng.reporters.JUnitReportReporter -->
<testsuite skipped="0" hostname="LAPTOP-JJCKK5CJ" name="testrunners.AdminLoginTest" tests="1" failures="0" timestamp="30 Sep 2022 15:49:01 GMT" time="17.978" errors="0">
  <testcase name="feature" time="17.978" classname="testrunners.AdminLoginTest"/>
</testsuite> <!-- testrunners.AdminLoginTest -->
