<?xml version="1.0" encoding="UTF-8"?>
<!-- Generated by org.testng.reporters.JUnitReportReporter -->
<testsuite skipped="0" hostname="LAPTOP-JJCKK5CJ" name="testrunners.TestAdminLogin" tests="1" failures="0" timestamp="13 Nov 2022 05:02:47 GMT" time="50.073" errors="0">
  <testcase name="feature" time="50.073" classname="testrunners.TestAdminLogin"/>
</testsuite> <!-- testrunners.TestAdminLogin -->
