<?xml version="1.0" encoding="UTF-8"?>
<!-- Generated by org.testng.reporters.JUnitReportReporter -->
<testsuite hostname="LAPTOP-JJCKK5CJ" failures="0" tests="1" name="testrunners.TestAdminLogin" time="14.473" errors="0" timestamp="13 Nov 2022 09:10:12 GMT" skipped="0">
  <testcase classname="testrunners.TestAdminLogin" name="feature" time="14.473"/>
</testsuite> <!-- testrunners.TestAdminLogin -->
